2017/12/05 23:41:22 にビルドを開始しました。
     1>ノード 2 上のプロジェクト "C:\Users\edyeganma\Documents\GitHub\ExchangeCalclator\ExchangeCalclator\ExchangeCalclator\ExchangeCalclator.vcxproj" (Build ターゲット)。
     1>ClCompile:
         C:\Program Files (x86)\Microsoft Visual Studio 14.0\VC\bin\CL.exe /c /ZI /nologo /W3 /WX- /sdl /Od /Oy- /D WIN32 /D _DEBUG /D _CONSOLE /D _UNICODE /D UNICODE /Gm /EHsc /RTC1 /MDd /GS /fp:precise /Zc:wchar_t /Zc:forScope /Zc:inline /Fo"Debug\\" /Fd"Debug\vc140.pdb" /Gd /TP /analyze- /errorReport:prompt ExchangeCalclator.cpp src\Object\FCTradeLog.cpp src\Object\FCTradeLogGeneral.cpp src\Object\FCTradeLogZaif.cpp
         FCTradeLog.cpp
         コードを生成中...
         コンパイル中...
         FCTradeLogZaif.cpp
         FCTradeLogGeneral.cpp
         ExchangeCalclator.cpp
         コードを生成中...
       Link:
         C:\Program Files (x86)\Microsoft Visual Studio 14.0\VC\bin\link.exe /ERRORREPORT:PROMPT /OUT:"C:\Users\edyeganma\Documents\GitHub\ExchangeCalclator\ExchangeCalclator\Debug\ExchangeCalclator.exe" /INCREMENTAL /NOLOGO kernel32.lib user32.lib gdi32.lib winspool.lib comdlg32.lib advapi32.lib shell32.lib ole32.lib oleaut32.lib uuid.lib odbc32.lib odbccp32.lib /MANIFEST /MANIFESTUAC:"level='asInvoker' uiAccess='false'" /manifest:embed /Debug /PDB:"C:\Users\edyeganma\Documents\GitHub\ExchangeCalclator\ExchangeCalclator\Debug\ExchangeCalclator.pdb" /SUBSYSTEM:CONSOLE /TLBID:1 /DYNAMICBASE /NXCOMPAT /IMPLIB:"C:\Users\edyeganma\Documents\GitHub\ExchangeCalclator\ExchangeCalclator\Debug\ExchangeCalclator.lib" /MACHINE:X86 Debug\ExchangeCalclator.obj
         Debug\FCTradeLog.obj
         Debug\FCTradeLogGeneral.obj
         Debug\FCTradeLogZaif.obj
         Debug\CSysArray.obj
         Debug\CSysData.obj
         Debug\CSysTable.obj
         Debug\CSystem.obj
         Debug\stdafx.obj
         ExchangeCalclator.vcxproj -> C:\Users\edyeganma\Documents\GitHub\ExchangeCalclator\ExchangeCalclator\Debug\ExchangeCalclator.exe
     1>プロジェクト "C:\Users\edyeganma\Documents\GitHub\ExchangeCalclator\ExchangeCalclator\ExchangeCalclator\ExchangeCalclator.vcxproj" (Build ターゲット) のビルドが完了しました。

ビルドに成功しました。

経過時間 00:00:04.12
