c:\users\edyeganma\documents\github\exchangecalclator\exchangecalclator\exchangecalclator\debug\exchangecalclator.pch
c:\users\edyeganma\documents\github\exchangecalclator\exchangecalclator\exchangecalclator\debug\vc140.pdb
c:\users\edyeganma\documents\github\exchangecalclator\exchangecalclator\exchangecalclator\debug\vc140.idb
c:\users\edyeganma\documents\github\exchangecalclator\exchangecalclator\exchangecalclator\debug\stdafx.obj
c:\users\edyeganma\documents\github\exchangecalclator\exchangecalclator\exchangecalclator\debug\exchangecalclator.obj
c:\users\edyeganma\documents\github\exchangecalclator\exchangecalclator\exchangecalclator\debug\fctradelog.obj
c:\users\edyeganma\documents\github\exchangecalclator\exchangecalclator\exchangecalclator\debug\fctradelogzaif.obj
c:\users\edyeganma\documents\github\exchangecalclator\exchangecalclator\exchangecalclator\debug\csysarray.obj
c:\users\edyeganma\documents\github\exchangecalclator\exchangecalclator\exchangecalclator\debug\csysdata.obj
c:\users\edyeganma\documents\github\exchangecalclator\exchangecalclator\exchangecalclator\debug\csystable.obj
c:\users\edyeganma\documents\github\exchangecalclator\exchangecalclator\exchangecalclator\debug\csystem.obj
c:\users\edyeganma\documents\github\exchangecalclator\exchangecalclator\debug\exchangecalclator.ilk
c:\users\edyeganma\documents\github\exchangecalclator\exchangecalclator\debug\exchangecalclator.exe
c:\users\edyeganma\documents\github\exchangecalclator\exchangecalclator\debug\exchangecalclator.pdb
c:\users\edyeganma\documents\github\exchangecalclator\exchangecalclator\exchangecalclator\debug\exchange.1ff8b68f.tlog\cl.command.1.tlog
c:\users\edyeganma\documents\github\exchangecalclator\exchangecalclator\exchangecalclator\debug\exchange.1ff8b68f.tlog\cl.read.1.tlog
c:\users\edyeganma\documents\github\exchangecalclator\exchangecalclator\exchangecalclator\debug\exchange.1ff8b68f.tlog\cl.write.1.tlog
c:\users\edyeganma\documents\github\exchangecalclator\exchangecalclator\exchangecalclator\debug\exchange.1ff8b68f.tlog\link.command.1.tlog
c:\users\edyeganma\documents\github\exchangecalclator\exchangecalclator\exchangecalclator\debug\exchange.1ff8b68f.tlog\link.read.1.tlog
c:\users\edyeganma\documents\github\exchangecalclator\exchangecalclator\exchangecalclator\debug\exchange.1ff8b68f.tlog\link.write.1.tlog
